[debug] [2021-05-27T09:08:43.345Z] ----------------------------------------------------------------------
[debug] [2021-05-27T09:08:43.347Z] Command:       D:\NODEjs\node.exe C:\Users\Aakash\AppData\Roaming\npm\node_modules\firebase-tools\lib\bin\firebase.js emulators:start
[debug] [2021-05-27T09:08:43.347Z] CLI Version:   9.10.0
[debug] [2021-05-27T09:08:43.347Z] Platform:      win32
[debug] [2021-05-27T09:08:43.347Z] Node Version:  v12.16.1
[debug] [2021-05-27T09:08:43.348Z] Time:          Thu May 27 2021 14:38:43 GMT+0530 (India Standard Time)
[debug] [2021-05-27T09:08:43.348Z] ----------------------------------------------------------------------
[debug] 
[debug] [2021-05-27T09:08:43.350Z] >>> [apiv2][query] GET https://firebase-public.firebaseio.com/cli.json [none]
[debug] [2021-05-27T09:08:43.398Z] > command requires scopes: ["email","openid","https://www.googleapis.com/auth/cloudplatformprojects.readonly","https://www.googleapis.com/auth/firebase","https://www.googleapis.com/auth/cloud-platform"]
[debug] [2021-05-27T09:08:43.399Z] > authorizing via signed-in user (aakashdev.1712@gmail.com)
[info] i  emulators: Starting emulators: functions, hosting {"metadata":{"emulator":{"name":"hub"},"message":"Starting emulators: functions, hosting"}}
[debug] [2021-05-27T09:08:44.463Z] <<< [apiv2][status] GET https://firebase-public.firebaseio.com/cli.json 200
[debug] [2021-05-27T09:08:44.464Z] <<< [apiv2][body] GET https://firebase-public.firebaseio.com/cli.json {"cloudBuildErrorAfter":1594252800000,"cloudBuildWarnAfter":1590019200000,"defaultNode10After":1594252800000,"minVersion":"3.0.5","node8DeploysDisabledAfter":1613390400000,"node8RuntimeDisabledAfter":1615809600000,"node8WarnAfter":1600128000000}
[debug] [2021-05-27T09:08:45.486Z] [hub] writing locator at C:\Users\Aakash\AppData\Local\Temp\hub-project-74cb8.json
[warn] !  functions: The following emulators are not running, calls to these services from the Functions emulator will affect production: auth, firestore, database, pubsub {"metadata":{"emulator":{"name":"functions"},"message":"The following emulators are not running, calls to these services from the Functions emulator will affect production: \u001b[1mauth, firestore, database, pubsub\u001b[22m"}}
[info] +  functions: Using node@12 from host. {"metadata":{"emulator":{"name":"functions"},"message":"Using node@12 from host."}}
[debug] [2021-05-27T09:08:47.611Z] defaultcredentials: writing to file C:\Users\Aakash\AppData\Roaming\firebase\aakashdev_1712_gmail.com_application_default_credentials.json
[debug] [2021-05-27T09:08:47.618Z] Setting GAC to C:\Users\Aakash\AppData\Roaming\firebase\aakashdev_1712_gmail.com_application_default_credentials.json {"metadata":{"emulator":{"name":"functions"},"message":"Setting GAC to C:\\Users\\Aakash\\AppData\\Roaming\\firebase\\aakashdev_1712_gmail.com_application_default_credentials.json"}}
[debug] [2021-05-27T09:08:47.622Z] > refreshing access token with scopes: []
[debug] [2021-05-27T09:08:47.624Z] >>> HTTP REQUEST POST https://www.googleapis.com/oauth2/v3/token  
 <request body omitted>
[debug] [2021-05-27T09:08:47.840Z] <<< HTTP RESPONSE 200 {"expires":"Mon, 01 Jan 1990 00:00:00 GMT","cache-control":"no-cache, no-store, max-age=0, must-revalidate","pragma":"no-cache","date":"Thu, 27 May 2021 09:08:48 GMT","content-type":"application/json; charset=utf-8","vary":"X-Origin, Referer, Origin,Accept-Encoding","server":"scaffolding on HTTPServer2","x-xss-protection":"0","x-frame-options":"SAMEORIGIN","x-content-type-options":"nosniff","alt-svc":"h3-29=\":443\"; ma=2592000,h3-T051=\":443\"; ma=2592000,h3-Q050=\":443\"; ma=2592000,h3-Q046=\":443\"; ma=2592000,h3-Q043=\":443\"; ma=2592000,quic=\":443\"; ma=2592000; v=\"46,43\"","accept-ranges":"none","transfer-encoding":"chunked"}
[debug] [2021-05-27T09:08:47.881Z] >>> [apiv2][query] GET https://firebase.googleapis.com/v1beta1/projects/project-74cb8/adminSdkConfig [none]
[debug] [2021-05-27T09:08:48.533Z] <<< [apiv2][status] GET https://firebase.googleapis.com/v1beta1/projects/project-74cb8/adminSdkConfig 200
[debug] [2021-05-27T09:08:48.533Z] <<< [apiv2][body] GET https://firebase.googleapis.com/v1beta1/projects/project-74cb8/adminSdkConfig {"projectId":"project-74cb8","storageBucket":"project-74cb8.appspot.com","locationId":"us-central"}
[debug] [2021-05-27T09:08:50.611Z] >>> [apiv2][query] GET https://firebase.googleapis.com/v1beta1/projects/project-74cb8/webApps/-/config [none]
[debug] [2021-05-27T09:08:52.068Z] <<< [apiv2][status] GET https://firebase.googleapis.com/v1beta1/projects/project-74cb8/webApps/-/config 200
[debug] [2021-05-27T09:08:52.068Z] <<< [apiv2][body] GET https://firebase.googleapis.com/v1beta1/projects/project-74cb8/webApps/-/config {"projectId":"project-74cb8","appId":"1:877752746554:web:04aeb7d7c639e05dbb6b03","storageBucket":"project-74cb8.appspot.com","locationId":"us-central","apiKey":"AIzaSyBkO2WyUCSdu5a3YfS3XLDyCvrJns4YG60","authDomain":"project-74cb8.firebaseapp.com","messagingSenderId":"877752746554"}
[info] i  hosting: Serving hosting files from: build {"metadata":{"emulator":{"name":"hosting"},"message":"Serving hosting files from: \u001b[1mbuild\u001b[22m"}}
[info] +  hosting: Local server: http://localhost:5000 {"metadata":{"emulator":{"name":"hosting"},"message":"Local server: \u001b[4m\u001b[1mhttp://localhost:5000\u001b[22m\u001b[24m"}}
[debug] [2021-05-27T09:08:56.412Z] Ignoring unsupported arg: auto_download {"metadata":{"emulator":{"name":"ui"},"message":"Ignoring unsupported arg: auto_download"}}
[debug] [2021-05-27T09:08:56.413Z] Ignoring unsupported arg: port {"metadata":{"emulator":{"name":"ui"},"message":"Ignoring unsupported arg: port"}}
[debug] [2021-05-27T09:08:56.413Z] Starting Emulator UI with command {"binary":"node","args":["C:\\Users\\Aakash\\.cache\\firebase\\emulators\\ui-v1.4.2\\server.bundle.js"],"optionalArgs":[],"joinArgs":false} {"metadata":{"emulator":{"name":"ui"},"message":"Starting Emulator UI with command {\"binary\":\"node\",\"args\":[\"C:\\\\Users\\\\Aakash\\\\.cache\\\\firebase\\\\emulators\\\\ui-v1.4.2\\\\server.bundle.js\"],\"optionalArgs\":[],\"joinArgs\":false}"}}
[info] i  ui: Emulator UI logging to ui-debug.log {"metadata":{"emulator":{"name":"ui"},"message":"Emulator UI logging to \u001b[1mui-debug.log\u001b[22m"}}
[debug] [2021-05-27T09:08:56.714Z] Web / API server started at http://localhost:4000
 {"metadata":{"emulator":{"name":"ui"},"message":"Web / API server started at http://localhost:4000\n"}}
[info] i  functions: Watching "C:\Users\Aakash\Desktop\amazon\amazon-clone\functions" for Cloud Functions... {"metadata":{"emulator":{"name":"functions"},"message":"Watching \"C:\\Users\\Aakash\\Desktop\\amazon\\amazon-clone\\functions\" for Cloud Functions..."}}
[debug] [2021-05-27T09:08:56.974Z] [worker-pool] addWorker(~diagnostic~) {"metadata":{"emulator":{"name":"functions"},"message":"[worker-pool] addWorker(~diagnostic~)"}}
[debug] [2021-05-27T09:08:56.974Z] [worker-pool] Adding worker with key ~diagnostic~, total=1 {"metadata":{"emulator":{"name":"functions"},"message":"[worker-pool] Adding worker with key ~diagnostic~, total=1"}}
[debug] [2021-05-27T09:08:56.974Z] [worker-pool] submitWork(triggerId=) {"metadata":{"emulator":{"name":"functions"},"message":"[worker-pool] submitWork(triggerId=)"}}
[debug] [2021-05-27T09:08:56.975Z] [worker-~diagnostic~-4190ad4d-fee2-4b52-9fbf-7410a7181726]: Assigning socketPath: \\?\pipe\C:\Users\Aakash\Desktop\amazon\amazon-clone\functions\15924 {"metadata":{"emulator":{"name":"functions"},"message":"[worker-~diagnostic~-4190ad4d-fee2-4b52-9fbf-7410a7181726]: Assigning socketPath: \\\\?\\pipe\\C:\\Users\\Aakash\\Desktop\\amazon\\amazon-clone\\functions\\15924"}}
[debug] [2021-05-27T09:08:56.976Z] [worker-~diagnostic~-4190ad4d-fee2-4b52-9fbf-7410a7181726]: BUSY {"metadata":{"emulator":{"name":"functions"},"message":"[worker-~diagnostic~-4190ad4d-fee2-4b52-9fbf-7410a7181726]: BUSY"}}
[debug] [2021-05-27T09:08:57.264Z] [runtime-status] [15924] Functions runtime initialized. {"cwd":"C:\\Users\\Aakash\\Desktop\\amazon\\amazon-clone\\functions","node_version":"12.16.1"} {"metadata":{"emulator":{"name":"functions"},"message":"[runtime-status] [15924] Functions runtime initialized. {\"cwd\":\"C:\\\\Users\\\\Aakash\\\\Desktop\\\\amazon\\\\amazon-clone\\\\functions\",\"node_version\":\"12.16.1\"}"}}
[debug] [2021-05-27T09:08:57.265Z] [runtime-status] [15924] Disabled runtime features: undefined {"metadata":{"emulator":{"name":"functions"},"message":"[runtime-status] [15924] Disabled runtime features: undefined"}}
[debug] [2021-05-27T09:08:57.293Z] [runtime-status] [15924] Resolved module firebase-admin {"declared":true,"installed":true,"version":"9.7.0","resolution":"C:\\Users\\Aakash\\Desktop\\amazon\\amazon-clone\\functions\\node_modules\\firebase-admin\\lib\\index.js"} {"metadata":{"emulator":{"name":"functions"},"message":"[runtime-status] [15924] Resolved module firebase-admin {\"declared\":true,\"installed\":true,\"version\":\"9.7.0\",\"resolution\":\"C:\\\\Users\\\\Aakash\\\\Desktop\\\\amazon\\\\amazon-clone\\\\functions\\\\node_modules\\\\firebase-admin\\\\lib\\\\index.js\"}"}}
[debug] [2021-05-27T09:08:57.308Z] [runtime-status] [15924] Resolved module firebase-functions {"declared":true,"installed":true,"version":"3.13.2","resolution":"C:\\Users\\Aakash\\Desktop\\amazon\\amazon-clone\\functions\\node_modules\\firebase-functions\\lib\\index.js"} {"metadata":{"emulator":{"name":"functions"},"message":"[runtime-status] [15924] Resolved module firebase-functions {\"declared\":true,\"installed\":true,\"version\":\"3.13.2\",\"resolution\":\"C:\\\\Users\\\\Aakash\\\\Desktop\\\\amazon\\\\amazon-clone\\\\functions\\\\node_modules\\\\firebase-functions\\\\lib\\\\index.js\"}"}}
[debug] [2021-05-27T09:08:57.310Z] [runtime-status] [15924] Resolved module firebase-functions {"declared":true,"installed":true,"version":"3.13.2","resolution":"C:\\Users\\Aakash\\Desktop\\amazon\\amazon-clone\\functions\\node_modules\\firebase-functions\\lib\\index.js"} {"metadata":{"emulator":{"name":"functions"},"message":"[runtime-status] [15924] Resolved module firebase-functions {\"declared\":true,\"installed\":true,\"version\":\"3.13.2\",\"resolution\":\"C:\\\\Users\\\\Aakash\\\\Desktop\\\\amazon\\\\amazon-clone\\\\functions\\\\node_modules\\\\firebase-functions\\\\lib\\\\index.js\"}"}}
[debug] [2021-05-27T09:08:57.313Z] [runtime-status] [15924] Outgoing network have been stubbed. [{"name":"http","status":"mocked"},{"name":"http","status":"mocked"},{"name":"https","status":"mocked"},{"name":"https","status":"mocked"},{"name":"net","status":"mocked"}] {"metadata":{"emulator":{"name":"functions"},"message":"[runtime-status] [15924] Outgoing network have been stubbed. [{\"name\":\"http\",\"status\":\"mocked\"},{\"name\":\"http\",\"status\":\"mocked\"},{\"name\":\"https\",\"status\":\"mocked\"},{\"name\":\"https\",\"status\":\"mocked\"},{\"name\":\"net\",\"status\":\"mocked\"}]"}}
[debug] [2021-05-27T09:08:57.314Z] [runtime-status] [15924] Resolved module firebase-functions {"declared":true,"installed":true,"version":"3.13.2","resolution":"C:\\Users\\Aakash\\Desktop\\amazon\\amazon-clone\\functions\\node_modules\\firebase-functions\\lib\\index.js"} {"metadata":{"emulator":{"name":"functions"},"message":"[runtime-status] [15924] Resolved module firebase-functions {\"declared\":true,\"installed\":true,\"version\":\"3.13.2\",\"resolution\":\"C:\\\\Users\\\\Aakash\\\\Desktop\\\\amazon\\\\amazon-clone\\\\functions\\\\node_modules\\\\firebase-functions\\\\lib\\\\index.js\"}"}}
[debug] [2021-05-27T09:08:58.090Z] [runtime-status] [15924] Checked functions.config() {"config":{}} {"metadata":{"emulator":{"name":"functions"},"message":"[runtime-status] [15924] Checked functions.config() {\"config\":{}}"}}
[debug] [2021-05-27T09:08:58.091Z] [runtime-status] [15924] firebase-functions has been stubbed. {"functionsResolution":{"declared":true,"installed":true,"version":"3.13.2","resolution":"C:\\Users\\Aakash\\Desktop\\amazon\\amazon-clone\\functions\\node_modules\\firebase-functions\\lib\\index.js"}} {"metadata":{"emulator":{"name":"functions"},"message":"[runtime-status] [15924] firebase-functions has been stubbed. {\"functionsResolution\":{\"declared\":true,\"installed\":true,\"version\":\"3.13.2\",\"resolution\":\"C:\\\\Users\\\\Aakash\\\\Desktop\\\\amazon\\\\amazon-clone\\\\functions\\\\node_modules\\\\firebase-functions\\\\lib\\\\index.js\"}}"}}
[debug] [2021-05-27T09:08:58.092Z] [runtime-status] [15924] Resolved module firebase-functions {"declared":true,"installed":true,"version":"3.13.2","resolution":"C:\\Users\\Aakash\\Desktop\\amazon\\amazon-clone\\functions\\node_modules\\firebase-functions\\lib\\index.js"} {"metadata":{"emulator":{"name":"functions"},"message":"[runtime-status] [15924] Resolved module firebase-functions {\"declared\":true,\"installed\":true,\"version\":\"3.13.2\",\"resolution\":\"C:\\\\Users\\\\Aakash\\\\Desktop\\\\amazon\\\\amazon-clone\\\\functions\\\\node_modules\\\\firebase-functions\\\\lib\\\\index.js\"}"}}
[debug] [2021-05-27T09:08:58.093Z] [runtime-status] [15924] Resolved module firebase-admin {"declared":true,"installed":true,"version":"9.7.0","resolution":"C:\\Users\\Aakash\\Desktop\\amazon\\amazon-clone\\functions\\node_modules\\firebase-admin\\lib\\index.js"} {"metadata":{"emulator":{"name":"functions"},"message":"[runtime-status] [15924] Resolved module firebase-admin {\"declared\":true,\"installed\":true,\"version\":\"9.7.0\",\"resolution\":\"C:\\\\Users\\\\Aakash\\\\Desktop\\\\amazon\\\\amazon-clone\\\\functions\\\\node_modules\\\\firebase-admin\\\\lib\\\\index.js\"}"}}
[debug] [2021-05-27T09:08:58.094Z] [runtime-status] [15924] Resolved module firebase-functions {"declared":true,"installed":true,"version":"3.13.2","resolution":"C:\\Users\\Aakash\\Desktop\\amazon\\amazon-clone\\functions\\node_modules\\firebase-functions\\lib\\index.js"} {"metadata":{"emulator":{"name":"functions"},"message":"[runtime-status] [15924] Resolved module firebase-functions {\"declared\":true,\"installed\":true,\"version\":\"3.13.2\",\"resolution\":\"C:\\\\Users\\\\Aakash\\\\Desktop\\\\amazon\\\\amazon-clone\\\\functions\\\\node_modules\\\\firebase-functions\\\\lib\\\\index.js\"}"}}
[debug] [2021-05-27T09:08:58.095Z] [runtime-status] [15924] firebase-admin has been stubbed. {"adminResolution":{"declared":true,"installed":true,"version":"9.7.0","resolution":"C:\\Users\\Aakash\\Desktop\\amazon\\amazon-clone\\functions\\node_modules\\firebase-admin\\lib\\index.js"}} {"metadata":{"emulator":{"name":"functions"},"message":"[runtime-status] [15924] firebase-admin has been stubbed. {\"adminResolution\":{\"declared\":true,\"installed\":true,\"version\":\"9.7.0\",\"resolution\":\"C:\\\\Users\\\\Aakash\\\\Desktop\\\\amazon\\\\amazon-clone\\\\functions\\\\node_modules\\\\firebase-admin\\\\lib\\\\index.js\"}}"}}
[info] +  functions[api]: http function initialized (http://localhost:5001/project-74cb8/us-central1/api). {"metadata":{"emulator":{"name":"functions"},"message":"\u001b[1mhttp\u001b[22m function initialized (http://localhost:5001/project-74cb8/us-central1/api)."}}
[info] 
┌─────────────────────────────────────────────────────────────┐
│ ✔  All emulators ready! It is now safe to connect your app. │
│ i  View Emulator UI at http://localhost:4000                │
└─────────────────────────────────────────────────────────────┘

┌───────────┬────────────────┬─────────────────────────────────┐
│ Emulator  │ Host:Port      │ View in Emulator UI             │
├───────────┼────────────────┼─────────────────────────────────┤
│ Functions │ localhost:5001 │ http://localhost:4000/functions │
├───────────┼────────────────┼─────────────────────────────────┤
│ Hosting   │ localhost:5000 │ n/a                             │
└───────────┴────────────────┴─────────────────────────────────┘
  Emulator Hub running at localhost:4400
  Other reserved ports: 4500

Issues? Report them at https://github.com/firebase/firebase-tools/issues and attach the *-debug.log files.
 
[debug] [2021-05-27T09:09:01.110Z] [worker-~diagnostic~-4190ad4d-fee2-4b52-9fbf-7410a7181726]: IDLE {"metadata":{"emulator":{"name":"functions"},"message":"[worker-~diagnostic~-4190ad4d-fee2-4b52-9fbf-7410a7181726]: IDLE"}}
[debug] [2021-05-27T09:28:06.005Z] [work-queue] {"queueLength":1,"workRunningCount":0}
[debug] [2021-05-27T09:28:06.006Z] [work-queue] {"queueLength":0,"workRunningCount":1}
[debug] [2021-05-27T09:28:06.008Z] Accepted request POST /project-74cb8/us-central1/api/payments/create?total=34995 --> api
[debug] [2021-05-27T09:28:06.018Z] [worker-pool] addWorker(api) {"metadata":{"emulator":{"name":"functions"},"message":"[worker-pool] addWorker(api)"}}
[debug] [2021-05-27T09:28:06.019Z] [worker-pool] Adding worker with key api, total=1 {"metadata":{"emulator":{"name":"functions"},"message":"[worker-pool] Adding worker with key api, total=1"}}
[debug] [2021-05-27T09:28:06.019Z] [worker-pool] submitWork(triggerId=api) {"metadata":{"emulator":{"name":"functions"},"message":"[worker-pool] submitWork(triggerId=api)"}}
[debug] [2021-05-27T09:28:06.020Z] [worker-api-6a0ebbda-54d3-4323-891f-4f65054e1059]: Assigning socketPath: \\?\pipe\C:\Users\Aakash\Desktop\amazon\amazon-clone\functions\5444 {"metadata":{"emulator":{"name":"functions"},"message":"[worker-api-6a0ebbda-54d3-4323-891f-4f65054e1059]: Assigning socketPath: \\\\?\\pipe\\C:\\Users\\Aakash\\Desktop\\amazon\\amazon-clone\\functions\\5444"}}
[debug] [2021-05-27T09:28:06.020Z] [worker-api-6a0ebbda-54d3-4323-891f-4f65054e1059]: BUSY {"metadata":{"emulator":{"name":"functions"},"message":"[worker-api-6a0ebbda-54d3-4323-891f-4f65054e1059]: BUSY"}}
[debug] [2021-05-27T09:28:06.314Z] [runtime-status] [5444] Functions runtime initialized. {"cwd":"C:\\Users\\Aakash\\Desktop\\amazon\\amazon-clone\\functions","node_version":"12.16.1"} {"metadata":{"emulator":{"name":"functions"},"function":{"name":"api"},"message":"[runtime-status] [5444] Functions runtime initialized. {\"cwd\":\"C:\\\\Users\\\\Aakash\\\\Desktop\\\\amazon\\\\amazon-clone\\\\functions\",\"node_version\":\"12.16.1\"}"}}
[debug] [2021-05-27T09:28:06.316Z] [runtime-status] [5444] Disabled runtime features: undefined {"metadata":{"emulator":{"name":"functions"},"function":{"name":"api"},"message":"[runtime-status] [5444] Disabled runtime features: undefined"}}
[debug] [2021-05-27T09:28:06.320Z] [runtime-status] [5444] Resolved module firebase-admin {"declared":true,"installed":true,"version":"9.7.0","resolution":"C:\\Users\\Aakash\\Desktop\\amazon\\amazon-clone\\functions\\node_modules\\firebase-admin\\lib\\index.js"} {"metadata":{"emulator":{"name":"functions"},"function":{"name":"api"},"message":"[runtime-status] [5444] Resolved module firebase-admin {\"declared\":true,\"installed\":true,\"version\":\"9.7.0\",\"resolution\":\"C:\\\\Users\\\\Aakash\\\\Desktop\\\\amazon\\\\amazon-clone\\\\functions\\\\node_modules\\\\firebase-admin\\\\lib\\\\index.js\"}"}}
[debug] [2021-05-27T09:28:06.322Z] [runtime-status] [5444] Resolved module firebase-functions {"declared":true,"installed":true,"version":"3.13.2","resolution":"C:\\Users\\Aakash\\Desktop\\amazon\\amazon-clone\\functions\\node_modules\\firebase-functions\\lib\\index.js"} {"metadata":{"emulator":{"name":"functions"},"function":{"name":"api"},"message":"[runtime-status] [5444] Resolved module firebase-functions {\"declared\":true,\"installed\":true,\"version\":\"3.13.2\",\"resolution\":\"C:\\\\Users\\\\Aakash\\\\Desktop\\\\amazon\\\\amazon-clone\\\\functions\\\\node_modules\\\\firebase-functions\\\\lib\\\\index.js\"}"}}
[debug] [2021-05-27T09:28:06.323Z] [runtime-status] [5444] Resolved module firebase-functions {"declared":true,"installed":true,"version":"3.13.2","resolution":"C:\\Users\\Aakash\\Desktop\\amazon\\amazon-clone\\functions\\node_modules\\firebase-functions\\lib\\index.js"} {"metadata":{"emulator":{"name":"functions"},"function":{"name":"api"},"message":"[runtime-status] [5444] Resolved module firebase-functions {\"declared\":true,\"installed\":true,\"version\":\"3.13.2\",\"resolution\":\"C:\\\\Users\\\\Aakash\\\\Desktop\\\\amazon\\\\amazon-clone\\\\functions\\\\node_modules\\\\firebase-functions\\\\lib\\\\index.js\"}"}}
[debug] [2021-05-27T09:28:06.325Z] [runtime-status] [5444] Outgoing network have been stubbed. [{"name":"http","status":"mocked"},{"name":"http","status":"mocked"},{"name":"https","status":"mocked"},{"name":"https","status":"mocked"},{"name":"net","status":"mocked"}] {"metadata":{"emulator":{"name":"functions"},"function":{"name":"api"},"message":"[runtime-status] [5444] Outgoing network have been stubbed. [{\"name\":\"http\",\"status\":\"mocked\"},{\"name\":\"http\",\"status\":\"mocked\"},{\"name\":\"https\",\"status\":\"mocked\"},{\"name\":\"https\",\"status\":\"mocked\"},{\"name\":\"net\",\"status\":\"mocked\"}]"}}
[debug] [2021-05-27T09:28:06.325Z] [runtime-status] [5444] Resolved module firebase-functions {"declared":true,"installed":true,"version":"3.13.2","resolution":"C:\\Users\\Aakash\\Desktop\\amazon\\amazon-clone\\functions\\node_modules\\firebase-functions\\lib\\index.js"} {"metadata":{"emulator":{"name":"functions"},"function":{"name":"api"},"message":"[runtime-status] [5444] Resolved module firebase-functions {\"declared\":true,\"installed\":true,\"version\":\"3.13.2\",\"resolution\":\"C:\\\\Users\\\\Aakash\\\\Desktop\\\\amazon\\\\amazon-clone\\\\functions\\\\node_modules\\\\firebase-functions\\\\lib\\\\index.js\"}"}}
[debug] [2021-05-27T09:28:06.380Z] [runtime-status] [5444] Checked functions.config() {"config":{}} {"metadata":{"emulator":{"name":"functions"},"function":{"name":"api"},"message":"[runtime-status] [5444] Checked functions.config() {\"config\":{}}"}}
[debug] [2021-05-27T09:28:06.381Z] [runtime-status] [5444] firebase-functions has been stubbed. {"functionsResolution":{"declared":true,"installed":true,"version":"3.13.2","resolution":"C:\\Users\\Aakash\\Desktop\\amazon\\amazon-clone\\functions\\node_modules\\firebase-functions\\lib\\index.js"}} {"metadata":{"emulator":{"name":"functions"},"function":{"name":"api"},"message":"[runtime-status] [5444] firebase-functions has been stubbed. {\"functionsResolution\":{\"declared\":true,\"installed\":true,\"version\":\"3.13.2\",\"resolution\":\"C:\\\\Users\\\\Aakash\\\\Desktop\\\\amazon\\\\amazon-clone\\\\functions\\\\node_modules\\\\firebase-functions\\\\lib\\\\index.js\"}}"}}
[debug] [2021-05-27T09:28:06.381Z] [runtime-status] [5444] Resolved module firebase-functions {"declared":true,"installed":true,"version":"3.13.2","resolution":"C:\\Users\\Aakash\\Desktop\\amazon\\amazon-clone\\functions\\node_modules\\firebase-functions\\lib\\index.js"} {"metadata":{"emulator":{"name":"functions"},"function":{"name":"api"},"message":"[runtime-status] [5444] Resolved module firebase-functions {\"declared\":true,\"installed\":true,\"version\":\"3.13.2\",\"resolution\":\"C:\\\\Users\\\\Aakash\\\\Desktop\\\\amazon\\\\amazon-clone\\\\functions\\\\node_modules\\\\firebase-functions\\\\lib\\\\index.js\"}"}}
[debug] [2021-05-27T09:28:06.382Z] [runtime-status] [5444] Resolved module firebase-admin {"declared":true,"installed":true,"version":"9.7.0","resolution":"C:\\Users\\Aakash\\Desktop\\amazon\\amazon-clone\\functions\\node_modules\\firebase-admin\\lib\\index.js"} {"metadata":{"emulator":{"name":"functions"},"function":{"name":"api"},"message":"[runtime-status] [5444] Resolved module firebase-admin {\"declared\":true,\"installed\":true,\"version\":\"9.7.0\",\"resolution\":\"C:\\\\Users\\\\Aakash\\\\Desktop\\\\amazon\\\\amazon-clone\\\\functions\\\\node_modules\\\\firebase-admin\\\\lib\\\\index.js\"}"}}
[debug] [2021-05-27T09:28:06.382Z] [runtime-status] [5444] Resolved module firebase-functions {"declared":true,"installed":true,"version":"3.13.2","resolution":"C:\\Users\\Aakash\\Desktop\\amazon\\amazon-clone\\functions\\node_modules\\firebase-functions\\lib\\index.js"} {"metadata":{"emulator":{"name":"functions"},"function":{"name":"api"},"message":"[runtime-status] [5444] Resolved module firebase-functions {\"declared\":true,\"installed\":true,\"version\":\"3.13.2\",\"resolution\":\"C:\\\\Users\\\\Aakash\\\\Desktop\\\\amazon\\\\amazon-clone\\\\functions\\\\node_modules\\\\firebase-functions\\\\lib\\\\index.js\"}"}}
[debug] [2021-05-27T09:28:06.382Z] [runtime-status] [5444] firebase-admin has been stubbed. {"adminResolution":{"declared":true,"installed":true,"version":"9.7.0","resolution":"C:\\Users\\Aakash\\Desktop\\amazon\\amazon-clone\\functions\\node_modules\\firebase-admin\\lib\\index.js"}} {"metadata":{"emulator":{"name":"functions"},"function":{"name":"api"},"message":"[runtime-status] [5444] firebase-admin has been stubbed. {\"adminResolution\":{\"declared\":true,\"installed\":true,\"version\":\"9.7.0\",\"resolution\":\"C:\\\\Users\\\\Aakash\\\\Desktop\\\\amazon\\\\amazon-clone\\\\functions\\\\node_modules\\\\firebase-admin\\\\lib\\\\index.js\"}}"}}
[debug] [2021-05-27T09:28:06.592Z] [runtime-status] [5444] Trigger "api" has been found, beginning invocation! {"metadata":{"emulator":{"name":"functions"},"function":{"name":"api"},"message":"[runtime-status] [5444] Trigger \"api\" has been found, beginning invocation!"}}
[info] i  functions: Beginning execution of "api" {"metadata":{"emulator":{"name":"functions"},"function":{"name":"api"},"message":"Beginning execution of \"api\""}}
[debug] [2021-05-27T09:28:06.594Z] [runtime-status] [5444] triggerDefinition {"httpsTrigger":{},"name":"api","entryPoint":"api"} {"metadata":{"emulator":{"name":"functions"},"function":{"name":"api"},"message":"[runtime-status] [5444] triggerDefinition {\"httpsTrigger\":{},\"name\":\"api\",\"entryPoint\":\"api\"}"}}
[debug] [2021-05-27T09:28:06.594Z] [runtime-status] [5444] Running api in mode HTTPS {"metadata":{"emulator":{"name":"functions"},"function":{"name":"api"},"message":"[runtime-status] [5444] Running api in mode HTTPS"}}
[debug] [2021-05-27T09:28:06.598Z] [runtime-status] [5444] Attempting to listen to socketPath: \\?\pipe\C:\Users\Aakash\Desktop\amazon\amazon-clone\functions\5444 {"metadata":{"emulator":{"name":"functions"},"function":{"name":"api"},"message":"[runtime-status] [5444] Attempting to listen to socketPath: \\\\?\\pipe\\C:\\Users\\Aakash\\Desktop\\amazon\\amazon-clone\\functions\\5444"}}
[debug] [2021-05-27T09:28:06.602Z] [functions] Runtime ready! Sending request! {"metadata":{"emulator":{"name":"functions"},"message":"[functions] Runtime ready! Sending request!"}}
[debug] [2021-05-27T09:28:06.603Z] [functions] Got req.url=/project-74cb8/us-central1/api/payments/create?total=34995, mapping to path=/payments/create?total=34995 {"metadata":{"emulator":{"name":"functions"},"message":"[functions] Got req.url=/project-74cb8/us-central1/api/payments/create?total=34995, mapping to path=/payments/create?total=34995"}}
[debug] [2021-05-27T09:28:06.614Z] [runtime-status] [5444] Ephemeral server handling POST request {"metadata":{"emulator":{"name":"functions"},"function":{"name":"api"},"message":"[runtime-status] [5444] Ephemeral server handling POST request"}}
[info] >  Payment Request Recieved BOOM !! for this amount >>>  34995 {"user":"Payment Request Recieved BOOM !! for this amount >>>  34995","metadata":{"emulator":{"name":"functions"},"function":{"name":"api"},"message":"\u001b[90m> \u001b[39m Payment Request Recieved BOOM !! for this amount >>>  34995"}}
[debug] [2021-05-27T09:28:06.630Z] [runtime-status] [5444] Ephemeral server survived. {"metadata":{"emulator":{"name":"functions"},"function":{"name":"api"},"message":"[runtime-status] [5444] Ephemeral server survived."}}
[info] i  functions: Finished "api" in ~1s {"metadata":{"emulator":{"name":"functions"},"function":{"name":"api"},"message":"Finished \"api\" in ~1s"}}
[debug] [2021-05-27T09:28:08.070Z] [worker-api-6a0ebbda-54d3-4323-891f-4f65054e1059]: IDLE {"metadata":{"emulator":{"name":"functions"},"message":"[worker-api-6a0ebbda-54d3-4323-891f-4f65054e1059]: IDLE"}}
[debug] [2021-05-27T09:28:08.071Z] [work-queue] {"queueLength":0,"workRunningCount":0}
[debug] [2021-05-27T10:19:17.829Z] [worker-api-6a0ebbda-54d3-4323-891f-4f65054e1059]: exited {"metadata":{"emulator":{"name":"functions"},"message":"[worker-api-6a0ebbda-54d3-4323-891f-4f65054e1059]: exited"}}
[debug] [2021-05-27T10:19:17.831Z] [worker-api-6a0ebbda-54d3-4323-891f-4f65054e1059]: FINISHED {"metadata":{"emulator":{"name":"functions"},"message":"[worker-api-6a0ebbda-54d3-4323-891f-4f65054e1059]: FINISHED"}}
[debug] [2021-05-27T10:19:17.838Z] [worker-~diagnostic~-4190ad4d-fee2-4b52-9fbf-7410a7181726]: exited {"metadata":{"emulator":{"name":"functions"},"message":"[worker-~diagnostic~-4190ad4d-fee2-4b52-9fbf-7410a7181726]: exited"}}
[debug] [2021-05-27T10:19:17.839Z] [worker-~diagnostic~-4190ad4d-fee2-4b52-9fbf-7410a7181726]: FINISHED {"metadata":{"emulator":{"name":"functions"},"message":"[worker-~diagnostic~-4190ad4d-fee2-4b52-9fbf-7410a7181726]: FINISHED"}}
[debug] [2021-05-27T10:19:17.841Z] Received signal SIGHUP 1
[debug] [2021-12-07T09:27:03.275Z] ----------------------------------------------------------------------
[debug] [2021-12-07T09:27:03.282Z] Command:       D:\NODEjs\node.exe C:\Users\Aakash\AppData\Roaming\npm\node_modules\firebase-tools\lib\bin\firebase.js emulators:start
[debug] [2021-12-07T09:27:03.283Z] CLI Version:   9.10.0
[debug] [2021-12-07T09:27:03.283Z] Platform:      win32
[debug] [2021-12-07T09:27:03.283Z] Node Version:  v12.16.1
[debug] [2021-12-07T09:27:03.356Z] Time:          Tue Dec 07 2021 14:57:03 GMT+0530 (India Standard Time)
[debug] [2021-12-07T09:27:03.357Z] ----------------------------------------------------------------------
[debug] 
[debug] [2021-12-07T09:27:03.376Z] >>> [apiv2][query] GET https://firebase-public.firebaseio.com/cli.json [none]
[debug] [2021-12-07T09:27:03.465Z] > command requires scopes: ["email","openid","https://www.googleapis.com/auth/cloudplatformprojects.readonly","https://www.googleapis.com/auth/firebase","https://www.googleapis.com/auth/cloud-platform"]
[debug] [2021-12-07T09:27:03.465Z] > authorizing via signed-in user (aakashdev.1712@gmail.com)
[info] i  emulators: Starting emulators: functions, hosting {"metadata":{"emulator":{"name":"hub"},"message":"Starting emulators: functions, hosting"}}
[debug] [2021-12-07T09:27:04.574Z] <<< [apiv2][status] GET https://firebase-public.firebaseio.com/cli.json 200
[debug] [2021-12-07T09:27:04.575Z] <<< [apiv2][body] GET https://firebase-public.firebaseio.com/cli.json {"cloudBuildErrorAfter":1594252800000,"cloudBuildWarnAfter":1590019200000,"defaultNode10After":1594252800000,"minVersion":"3.0.5","node8DeploysDisabledAfter":1613390400000,"node8RuntimeDisabledAfter":1615809600000,"node8WarnAfter":1600128000000}
[debug] [2021-12-07T09:27:05.605Z] [hub] writing locator at C:\Users\Aakash\AppData\Local\Temp\hub-project-74cb8.json
[warn] !  functions: The following emulators are not running, calls to these services from the Functions emulator will affect production: auth, firestore, database, pubsub {"metadata":{"emulator":{"name":"functions"},"message":"The following emulators are not running, calls to these services from the Functions emulator will affect production: \u001b[1mauth, firestore, database, pubsub\u001b[22m"}}
[info] +  functions: Using node@12 from host. {"metadata":{"emulator":{"name":"functions"},"message":"Using node@12 from host."}}
[debug] [2021-12-07T09:27:07.719Z] defaultcredentials: writing to file C:\Users\Aakash\AppData\Roaming\firebase\aakashdev_1712_gmail.com_application_default_credentials.json
[debug] [2021-12-07T09:27:07.725Z] Setting GAC to C:\Users\Aakash\AppData\Roaming\firebase\aakashdev_1712_gmail.com_application_default_credentials.json {"metadata":{"emulator":{"name":"functions"},"message":"Setting GAC to C:\\Users\\Aakash\\AppData\\Roaming\\firebase\\aakashdev_1712_gmail.com_application_default_credentials.json"}}
[debug] [2021-12-07T09:27:07.728Z] > refreshing access token with scopes: []
[debug] [2021-12-07T09:27:07.729Z] >>> HTTP REQUEST POST https://www.googleapis.com/oauth2/v3/token  
 <request body omitted>
[debug] [2021-12-07T09:27:07.935Z] <<< HTTP RESPONSE 200 {"date":"Tue, 07 Dec 2021 09:27:08 GMT","pragma":"no-cache","expires":"Mon, 01 Jan 1990 00:00:00 GMT","cache-control":"no-cache, no-store, max-age=0, must-revalidate","content-type":"application/json; charset=utf-8","vary":"X-Origin, Referer, Origin,Accept-Encoding","server":"scaffolding on HTTPServer2","x-xss-protection":"0","x-frame-options":"SAMEORIGIN","x-content-type-options":"nosniff","alt-svc":"h3=\":443\"; ma=2592000,h3-29=\":443\"; ma=2592000,h3-Q050=\":443\"; ma=2592000,h3-Q046=\":443\"; ma=2592000,h3-Q043=\":443\"; ma=2592000,quic=\":443\"; ma=2592000; v=\"46,43\"","accept-ranges":"none","transfer-encoding":"chunked"}
[debug] [2021-12-07T09:27:07.965Z] >>> [apiv2][query] GET https://firebase.googleapis.com/v1beta1/projects/project-74cb8/adminSdkConfig [none]
[debug] [2021-12-07T09:27:08.404Z] <<< [apiv2][status] GET https://firebase.googleapis.com/v1beta1/projects/project-74cb8/adminSdkConfig 200
[debug] [2021-12-07T09:27:08.404Z] <<< [apiv2][body] GET https://firebase.googleapis.com/v1beta1/projects/project-74cb8/adminSdkConfig {"projectId":"project-74cb8","storageBucket":"project-74cb8.appspot.com","locationId":"us-central"}
[debug] [2021-12-07T09:27:10.450Z] >>> [apiv2][query] GET https://firebase.googleapis.com/v1beta1/projects/project-74cb8/webApps/-/config [none]
[debug] [2021-12-07T09:27:12.209Z] <<< [apiv2][status] GET https://firebase.googleapis.com/v1beta1/projects/project-74cb8/webApps/-/config 200
[debug] [2021-12-07T09:27:12.209Z] <<< [apiv2][body] GET https://firebase.googleapis.com/v1beta1/projects/project-74cb8/webApps/-/config {"projectId":"project-74cb8","appId":"1:877752746554:web:04aeb7d7c639e05dbb6b03","storageBucket":"project-74cb8.appspot.com","locationId":"us-central","apiKey":"AIzaSyBkO2WyUCSdu5a3YfS3XLDyCvrJns4YG60","authDomain":"project-74cb8.firebaseapp.com","messagingSenderId":"877752746554"}
[info] i  hosting: Serving hosting files from: build {"metadata":{"emulator":{"name":"hosting"},"message":"Serving hosting files from: \u001b[1mbuild\u001b[22m"}}
[info] +  hosting: Local server: http://localhost:5000 {"metadata":{"emulator":{"name":"hosting"},"message":"Local server: \u001b[4m\u001b[1mhttp://localhost:5000\u001b[22m\u001b[24m"}}
[debug] [2021-12-07T09:27:16.440Z] Ignoring unsupported arg: auto_download {"metadata":{"emulator":{"name":"ui"},"message":"Ignoring unsupported arg: auto_download"}}
[debug] [2021-12-07T09:27:16.441Z] Ignoring unsupported arg: port {"metadata":{"emulator":{"name":"ui"},"message":"Ignoring unsupported arg: port"}}
[debug] [2021-12-07T09:27:16.441Z] Starting Emulator UI with command {"binary":"node","args":["C:\\Users\\Aakash\\.cache\\firebase\\emulators\\ui-v1.4.2\\server.bundle.js"],"optionalArgs":[],"joinArgs":false} {"metadata":{"emulator":{"name":"ui"},"message":"Starting Emulator UI with command {\"binary\":\"node\",\"args\":[\"C:\\\\Users\\\\Aakash\\\\.cache\\\\firebase\\\\emulators\\\\ui-v1.4.2\\\\server.bundle.js\"],\"optionalArgs\":[],\"joinArgs\":false}"}}
[info] i  ui: Emulator UI logging to ui-debug.log {"metadata":{"emulator":{"name":"ui"},"message":"Emulator UI logging to \u001b[1mui-debug.log\u001b[22m"}}
[debug] [2021-12-07T09:27:16.961Z] Web / API server started at http://localhost:4000
 {"metadata":{"emulator":{"name":"ui"},"message":"Web / API server started at http://localhost:4000\n"}}
[info] i  functions: Watching "D:\Aditya_Docs\Web-Dev\20-amazon-clone\functions" for Cloud Functions... {"metadata":{"emulator":{"name":"functions"},"message":"Watching \"D:\\Aditya_Docs\\Web-Dev\\20-amazon-clone\\functions\" for Cloud Functions..."}}
[debug] [2021-12-07T09:27:17.479Z] [worker-pool] addWorker(~diagnostic~) {"metadata":{"emulator":{"name":"functions"},"message":"[worker-pool] addWorker(~diagnostic~)"}}
[debug] [2021-12-07T09:27:17.480Z] [worker-pool] Adding worker with key ~diagnostic~, total=1 {"metadata":{"emulator":{"name":"functions"},"message":"[worker-pool] Adding worker with key ~diagnostic~, total=1"}}
[debug] [2021-12-07T09:27:17.480Z] [worker-pool] submitWork(triggerId=) {"metadata":{"emulator":{"name":"functions"},"message":"[worker-pool] submitWork(triggerId=)"}}
[debug] [2021-12-07T09:27:17.480Z] [worker-~diagnostic~-366f3773-edc8-485d-80db-4530c24283c5]: Assigning socketPath: \\?\pipe\D:\Aditya_Docs\Web-Dev\20-amazon-clone\functions\12768 {"metadata":{"emulator":{"name":"functions"},"message":"[worker-~diagnostic~-366f3773-edc8-485d-80db-4530c24283c5]: Assigning socketPath: \\\\?\\pipe\\D:\\Aditya_Docs\\Web-Dev\\20-amazon-clone\\functions\\12768"}}
[debug] [2021-12-07T09:27:17.480Z] [worker-~diagnostic~-366f3773-edc8-485d-80db-4530c24283c5]: BUSY {"metadata":{"emulator":{"name":"functions"},"message":"[worker-~diagnostic~-366f3773-edc8-485d-80db-4530c24283c5]: BUSY"}}
[debug] [2021-12-07T09:27:17.869Z] [runtime-status] [12768] Functions runtime initialized. {"cwd":"D:\\Aditya_Docs\\Web-Dev\\20-amazon-clone\\functions","node_version":"12.16.1"} {"metadata":{"emulator":{"name":"functions"},"message":"[runtime-status] [12768] Functions runtime initialized. {\"cwd\":\"D:\\\\Aditya_Docs\\\\Web-Dev\\\\20-amazon-clone\\\\functions\",\"node_version\":\"12.16.1\"}"}}
[debug] [2021-12-07T09:27:17.870Z] [runtime-status] [12768] Disabled runtime features: undefined {"metadata":{"emulator":{"name":"functions"},"message":"[runtime-status] [12768] Disabled runtime features: undefined"}}
[debug] [2021-12-07T09:27:17.922Z] [runtime-status] [12768] Resolved module firebase-admin {"declared":true,"installed":true,"version":"9.7.0","resolution":"D:\\Aditya_Docs\\Web-Dev\\20-amazon-clone\\functions\\node_modules\\firebase-admin\\lib\\index.js"} {"metadata":{"emulator":{"name":"functions"},"message":"[runtime-status] [12768] Resolved module firebase-admin {\"declared\":true,\"installed\":true,\"version\":\"9.7.0\",\"resolution\":\"D:\\\\Aditya_Docs\\\\Web-Dev\\\\20-amazon-clone\\\\functions\\\\node_modules\\\\firebase-admin\\\\lib\\\\index.js\"}"}}
[debug] [2021-12-07T09:27:17.996Z] [runtime-status] [12768] Resolved module firebase-functions {"declared":true,"installed":true,"version":"3.13.2","resolution":"D:\\Aditya_Docs\\Web-Dev\\20-amazon-clone\\functions\\node_modules\\firebase-functions\\lib\\index.js"} {"metadata":{"emulator":{"name":"functions"},"message":"[runtime-status] [12768] Resolved module firebase-functions {\"declared\":true,\"installed\":true,\"version\":\"3.13.2\",\"resolution\":\"D:\\\\Aditya_Docs\\\\Web-Dev\\\\20-amazon-clone\\\\functions\\\\node_modules\\\\firebase-functions\\\\lib\\\\index.js\"}"}}
[debug] [2021-12-07T09:27:17.998Z] [runtime-status] [12768] Resolved module firebase-functions {"declared":true,"installed":true,"version":"3.13.2","resolution":"D:\\Aditya_Docs\\Web-Dev\\20-amazon-clone\\functions\\node_modules\\firebase-functions\\lib\\index.js"} {"metadata":{"emulator":{"name":"functions"},"message":"[runtime-status] [12768] Resolved module firebase-functions {\"declared\":true,\"installed\":true,\"version\":\"3.13.2\",\"resolution\":\"D:\\\\Aditya_Docs\\\\Web-Dev\\\\20-amazon-clone\\\\functions\\\\node_modules\\\\firebase-functions\\\\lib\\\\index.js\"}"}}
[debug] [2021-12-07T09:27:18.000Z] [runtime-status] [12768] Outgoing network have been stubbed. [{"name":"http","status":"mocked"},{"name":"http","status":"mocked"},{"name":"https","status":"mocked"},{"name":"https","status":"mocked"},{"name":"net","status":"mocked"}] {"metadata":{"emulator":{"name":"functions"},"message":"[runtime-status] [12768] Outgoing network have been stubbed. [{\"name\":\"http\",\"status\":\"mocked\"},{\"name\":\"http\",\"status\":\"mocked\"},{\"name\":\"https\",\"status\":\"mocked\"},{\"name\":\"https\",\"status\":\"mocked\"},{\"name\":\"net\",\"status\":\"mocked\"}]"}}
[debug] [2021-12-07T09:27:18.001Z] [runtime-status] [12768] Resolved module firebase-functions {"declared":true,"installed":true,"version":"3.13.2","resolution":"D:\\Aditya_Docs\\Web-Dev\\20-amazon-clone\\functions\\node_modules\\firebase-functions\\lib\\index.js"} {"metadata":{"emulator":{"name":"functions"},"message":"[runtime-status] [12768] Resolved module firebase-functions {\"declared\":true,\"installed\":true,\"version\":\"3.13.2\",\"resolution\":\"D:\\\\Aditya_Docs\\\\Web-Dev\\\\20-amazon-clone\\\\functions\\\\node_modules\\\\firebase-functions\\\\lib\\\\index.js\"}"}}
[debug] [2021-12-07T09:27:19.088Z] [runtime-status] [12768] Checked functions.config() {"config":{}} {"metadata":{"emulator":{"name":"functions"},"message":"[runtime-status] [12768] Checked functions.config() {\"config\":{}}"}}
[debug] [2021-12-07T09:27:19.089Z] [runtime-status] [12768] firebase-functions has been stubbed. {"functionsResolution":{"declared":true,"installed":true,"version":"3.13.2","resolution":"D:\\Aditya_Docs\\Web-Dev\\20-amazon-clone\\functions\\node_modules\\firebase-functions\\lib\\index.js"}} {"metadata":{"emulator":{"name":"functions"},"message":"[runtime-status] [12768] firebase-functions has been stubbed. {\"functionsResolution\":{\"declared\":true,\"installed\":true,\"version\":\"3.13.2\",\"resolution\":\"D:\\\\Aditya_Docs\\\\Web-Dev\\\\20-amazon-clone\\\\functions\\\\node_modules\\\\firebase-functions\\\\lib\\\\index.js\"}}"}}
[debug] [2021-12-07T09:27:19.089Z] [runtime-status] [12768] Resolved module firebase-functions {"declared":true,"installed":true,"version":"3.13.2","resolution":"D:\\Aditya_Docs\\Web-Dev\\20-amazon-clone\\functions\\node_modules\\firebase-functions\\lib\\index.js"} {"metadata":{"emulator":{"name":"functions"},"message":"[runtime-status] [12768] Resolved module firebase-functions {\"declared\":true,\"installed\":true,\"version\":\"3.13.2\",\"resolution\":\"D:\\\\Aditya_Docs\\\\Web-Dev\\\\20-amazon-clone\\\\functions\\\\node_modules\\\\firebase-functions\\\\lib\\\\index.js\"}"}}
[debug] [2021-12-07T09:27:19.091Z] [runtime-status] [12768] Resolved module firebase-admin {"declared":true,"installed":true,"version":"9.7.0","resolution":"D:\\Aditya_Docs\\Web-Dev\\20-amazon-clone\\functions\\node_modules\\firebase-admin\\lib\\index.js"} {"metadata":{"emulator":{"name":"functions"},"message":"[runtime-status] [12768] Resolved module firebase-admin {\"declared\":true,\"installed\":true,\"version\":\"9.7.0\",\"resolution\":\"D:\\\\Aditya_Docs\\\\Web-Dev\\\\20-amazon-clone\\\\functions\\\\node_modules\\\\firebase-admin\\\\lib\\\\index.js\"}"}}
[debug] [2021-12-07T09:27:19.091Z] [runtime-status] [12768] Resolved module firebase-functions {"declared":true,"installed":true,"version":"3.13.2","resolution":"D:\\Aditya_Docs\\Web-Dev\\20-amazon-clone\\functions\\node_modules\\firebase-functions\\lib\\index.js"} {"metadata":{"emulator":{"name":"functions"},"message":"[runtime-status] [12768] Resolved module firebase-functions {\"declared\":true,\"installed\":true,\"version\":\"3.13.2\",\"resolution\":\"D:\\\\Aditya_Docs\\\\Web-Dev\\\\20-amazon-clone\\\\functions\\\\node_modules\\\\firebase-functions\\\\lib\\\\index.js\"}"}}
[debug] [2021-12-07T09:27:19.091Z] [runtime-status] [12768] firebase-admin has been stubbed. {"adminResolution":{"declared":true,"installed":true,"version":"9.7.0","resolution":"D:\\Aditya_Docs\\Web-Dev\\20-amazon-clone\\functions\\node_modules\\firebase-admin\\lib\\index.js"}} {"metadata":{"emulator":{"name":"functions"},"message":"[runtime-status] [12768] firebase-admin has been stubbed. {\"adminResolution\":{\"declared\":true,\"installed\":true,\"version\":\"9.7.0\",\"resolution\":\"D:\\\\Aditya_Docs\\\\Web-Dev\\\\20-amazon-clone\\\\functions\\\\node_modules\\\\firebase-admin\\\\lib\\\\index.js\"}}"}}
[info] +  functions[api]: http function initialized (http://localhost:5001/project-74cb8/us-central1/api). {"metadata":{"emulator":{"name":"functions"},"message":"\u001b[1mhttp\u001b[22m function initialized (http://localhost:5001/project-74cb8/us-central1/api)."}}
[info] 
┌─────────────────────────────────────────────────────────────┐
│ ✔  All emulators ready! It is now safe to connect your app. │
│ i  View Emulator UI at http://localhost:4000                │
└─────────────────────────────────────────────────────────────┘

┌───────────┬────────────────┬─────────────────────────────────┐
│ Emulator  │ Host:Port      │ View in Emulator UI             │
├───────────┼────────────────┼─────────────────────────────────┤
│ Functions │ localhost:5001 │ http://localhost:4000/functions │
├───────────┼────────────────┼─────────────────────────────────┤
│ Hosting   │ localhost:5000 │ n/a                             │
└───────────┴────────────────┴─────────────────────────────────┘
  Emulator Hub running at localhost:4400
  Other reserved ports: 4500

Issues? Report them at https://github.com/firebase/firebase-tools/issues and attach the *-debug.log files.
 
[debug] [2021-12-07T09:27:22.761Z] [worker-~diagnostic~-366f3773-edc8-485d-80db-4530c24283c5]: IDLE {"metadata":{"emulator":{"name":"functions"},"message":"[worker-~diagnostic~-366f3773-edc8-485d-80db-4530c24283c5]: IDLE"}}
[debug] [2021-12-07T09:29:05.010Z] [worker-~diagnostic~-366f3773-edc8-485d-80db-4530c24283c5]: exited {"metadata":{"emulator":{"name":"functions"},"message":"[worker-~diagnostic~-366f3773-edc8-485d-80db-4530c24283c5]: exited"}}
[debug] [2021-12-11T01:29:53.803Z] ----------------------------------------------------------------------
[debug] [2021-12-11T01:29:53.805Z] Command:       D:\NODEjs\node.exe C:\Users\Aakash\AppData\Roaming\npm\node_modules\firebase-tools\lib\bin\firebase.js emulators:start
[debug] [2021-12-11T01:29:53.805Z] CLI Version:   9.10.0
[debug] [2021-12-11T01:29:53.805Z] Platform:      win32
[debug] [2021-12-11T01:29:53.805Z] Node Version:  v12.16.1
[debug] [2021-12-11T01:29:54.121Z] Time:          Sat Dec 11 2021 06:59:53 GMT+0530 (India Standard Time)
[debug] [2021-12-11T01:29:54.122Z] ----------------------------------------------------------------------
[debug] 
[debug] [2021-12-11T01:29:54.129Z] >>> [apiv2][query] GET https://firebase-public.firebaseio.com/cli.json [none]
[debug] [2021-12-11T01:29:54.163Z] > command requires scopes: ["email","openid","https://www.googleapis.com/auth/cloudplatformprojects.readonly","https://www.googleapis.com/auth/firebase","https://www.googleapis.com/auth/cloud-platform"]
[debug] [2021-12-11T01:29:54.164Z] > authorizing via signed-in user (aakashdev.1712@gmail.com)
[info] i  emulators: Starting emulators: functions, hosting {"metadata":{"emulator":{"name":"hub"},"message":"Starting emulators: functions, hosting"}}
[debug] [2021-12-11T01:29:55.187Z] <<< [apiv2][status] GET https://firebase-public.firebaseio.com/cli.json 200
[debug] [2021-12-11T01:29:55.187Z] <<< [apiv2][body] GET https://firebase-public.firebaseio.com/cli.json {"cloudBuildErrorAfter":1594252800000,"cloudBuildWarnAfter":1590019200000,"defaultNode10After":1594252800000,"minVersion":"3.0.5","node8DeploysDisabledAfter":1613390400000,"node8RuntimeDisabledAfter":1615809600000,"node8WarnAfter":1600128000000}
[warn] !  emulators: It seems that you are running multiple instances of the emulator suite for project project-74cb8. This may result in unexpected behavior. 
[debug] [2021-12-11T01:29:56.229Z] [hub] writing locator at C:\Users\Aakash\AppData\Local\Temp\hub-project-74cb8.json
[warn] !  functions: The following emulators are not running, calls to these services from the Functions emulator will affect production: auth, firestore, database, pubsub {"metadata":{"emulator":{"name":"functions"},"message":"The following emulators are not running, calls to these services from the Functions emulator will affect production: \u001b[1mauth, firestore, database, pubsub\u001b[22m"}}
[info] +  functions: Using node@12 from host. {"metadata":{"emulator":{"name":"functions"},"message":"Using node@12 from host."}}
[debug] [2021-12-11T01:29:59.123Z] defaultcredentials: writing to file C:\Users\Aakash\AppData\Roaming\firebase\aakashdev_1712_gmail.com_application_default_credentials.json
[debug] [2021-12-11T01:29:59.124Z] Setting GAC to C:\Users\Aakash\AppData\Roaming\firebase\aakashdev_1712_gmail.com_application_default_credentials.json {"metadata":{"emulator":{"name":"functions"},"message":"Setting GAC to C:\\Users\\Aakash\\AppData\\Roaming\\firebase\\aakashdev_1712_gmail.com_application_default_credentials.json"}}
[debug] [2021-12-11T01:29:59.126Z] > refreshing access token with scopes: []
[debug] [2021-12-11T01:29:59.126Z] >>> HTTP REQUEST POST https://www.googleapis.com/oauth2/v3/token  
 <request body omitted>
[debug] [2021-12-11T01:29:59.300Z] <<< HTTP RESPONSE 200 {"date":"Sat, 11 Dec 2021 01:29:58 GMT","cache-control":"no-cache, no-store, max-age=0, must-revalidate","pragma":"no-cache","expires":"Mon, 01 Jan 1990 00:00:00 GMT","content-type":"application/json; charset=utf-8","vary":"X-Origin, Referer, Origin,Accept-Encoding","server":"scaffolding on HTTPServer2","x-xss-protection":"0","x-frame-options":"SAMEORIGIN","x-content-type-options":"nosniff","alt-svc":"h3=\":443\"; ma=2592000,h3-29=\":443\"; ma=2592000,h3-Q050=\":443\"; ma=2592000,h3-Q046=\":443\"; ma=2592000,h3-Q043=\":443\"; ma=2592000,quic=\":443\"; ma=2592000; v=\"46,43\"","accept-ranges":"none","transfer-encoding":"chunked"}
[debug] [2021-12-11T01:29:59.367Z] >>> [apiv2][query] GET https://firebase.googleapis.com/v1beta1/projects/project-74cb8/adminSdkConfig [none]
[debug] [2021-12-11T01:29:59.826Z] <<< [apiv2][status] GET https://firebase.googleapis.com/v1beta1/projects/project-74cb8/adminSdkConfig 200
[debug] [2021-12-11T01:29:59.826Z] <<< [apiv2][body] GET https://firebase.googleapis.com/v1beta1/projects/project-74cb8/adminSdkConfig {"projectId":"project-74cb8","storageBucket":"project-74cb8.appspot.com","locationId":"us-central"}
[debug] [2021-12-11T01:30:01.867Z] >>> [apiv2][query] GET https://firebase.googleapis.com/v1beta1/projects/project-74cb8/webApps/-/config [none]
[debug] [2021-12-11T01:30:03.161Z] <<< [apiv2][status] GET https://firebase.googleapis.com/v1beta1/projects/project-74cb8/webApps/-/config 200
[debug] [2021-12-11T01:30:03.161Z] <<< [apiv2][body] GET https://firebase.googleapis.com/v1beta1/projects/project-74cb8/webApps/-/config {"projectId":"project-74cb8","appId":"1:877752746554:web:04aeb7d7c639e05dbb6b03","storageBucket":"project-74cb8.appspot.com","locationId":"us-central","apiKey":"AIzaSyBkO2WyUCSdu5a3YfS3XLDyCvrJns4YG60","authDomain":"project-74cb8.firebaseapp.com","messagingSenderId":"877752746554"}
[info] i  hosting: Serving hosting files from: build {"metadata":{"emulator":{"name":"hosting"},"message":"Serving hosting files from: \u001b[1mbuild\u001b[22m"}}
[info] +  hosting: Local server: http://localhost:5000 {"metadata":{"emulator":{"name":"hosting"},"message":"Local server: \u001b[4m\u001b[1mhttp://localhost:5000\u001b[22m\u001b[24m"}}
[debug] [2021-12-11T01:30:07.458Z] Ignoring unsupported arg: auto_download {"metadata":{"emulator":{"name":"ui"},"message":"Ignoring unsupported arg: auto_download"}}
[debug] [2021-12-11T01:30:07.459Z] Ignoring unsupported arg: port {"metadata":{"emulator":{"name":"ui"},"message":"Ignoring unsupported arg: port"}}
[debug] [2021-12-11T01:30:07.459Z] Starting Emulator UI with command {"binary":"node","args":["C:\\Users\\Aakash\\.cache\\firebase\\emulators\\ui-v1.4.2\\server.bundle.js"],"optionalArgs":[],"joinArgs":false} {"metadata":{"emulator":{"name":"ui"},"message":"Starting Emulator UI with command {\"binary\":\"node\",\"args\":[\"C:\\\\Users\\\\Aakash\\\\.cache\\\\firebase\\\\emulators\\\\ui-v1.4.2\\\\server.bundle.js\"],\"optionalArgs\":[],\"joinArgs\":false}"}}
[info] i  ui: Emulator UI logging to ui-debug.log {"metadata":{"emulator":{"name":"ui"},"message":"Emulator UI logging to \u001b[1mui-debug.log\u001b[22m"}}
[debug] [2021-12-11T01:30:07.759Z] Web / API server started at http://localhost:4000
 {"metadata":{"emulator":{"name":"ui"},"message":"Web / API server started at http://localhost:4000\n"}}
[info] i  functions: Watching "D:\Aditya_Docs\Web-Dev\20-amazon-clone\functions" for Cloud Functions... {"metadata":{"emulator":{"name":"functions"},"message":"Watching \"D:\\Aditya_Docs\\Web-Dev\\20-amazon-clone\\functions\" for Cloud Functions..."}}
[debug] [2021-12-11T01:30:08.083Z] [worker-pool] addWorker(~diagnostic~) {"metadata":{"emulator":{"name":"functions"},"message":"[worker-pool] addWorker(~diagnostic~)"}}
[debug] [2021-12-11T01:30:08.083Z] [worker-pool] Adding worker with key ~diagnostic~, total=1 {"metadata":{"emulator":{"name":"functions"},"message":"[worker-pool] Adding worker with key ~diagnostic~, total=1"}}
[debug] [2021-12-11T01:30:08.084Z] [worker-pool] submitWork(triggerId=) {"metadata":{"emulator":{"name":"functions"},"message":"[worker-pool] submitWork(triggerId=)"}}
[debug] [2021-12-11T01:30:08.084Z] [worker-~diagnostic~-defe8c72-5ce0-4beb-acea-fe307e220a52]: Assigning socketPath: \\?\pipe\D:\Aditya_Docs\Web-Dev\20-amazon-clone\functions\22536 {"metadata":{"emulator":{"name":"functions"},"message":"[worker-~diagnostic~-defe8c72-5ce0-4beb-acea-fe307e220a52]: Assigning socketPath: \\\\?\\pipe\\D:\\Aditya_Docs\\Web-Dev\\20-amazon-clone\\functions\\22536"}}
[debug] [2021-12-11T01:30:08.084Z] [worker-~diagnostic~-defe8c72-5ce0-4beb-acea-fe307e220a52]: BUSY {"metadata":{"emulator":{"name":"functions"},"message":"[worker-~diagnostic~-defe8c72-5ce0-4beb-acea-fe307e220a52]: BUSY"}}
[debug] [2021-12-11T01:30:08.361Z] [runtime-status] [22536] Functions runtime initialized. {"cwd":"D:\\Aditya_Docs\\Web-Dev\\20-amazon-clone\\functions","node_version":"12.16.1"} {"metadata":{"emulator":{"name":"functions"},"message":"[runtime-status] [22536] Functions runtime initialized. {\"cwd\":\"D:\\\\Aditya_Docs\\\\Web-Dev\\\\20-amazon-clone\\\\functions\",\"node_version\":\"12.16.1\"}"}}
[debug] [2021-12-11T01:30:08.361Z] [runtime-status] [22536] Disabled runtime features: undefined {"metadata":{"emulator":{"name":"functions"},"message":"[runtime-status] [22536] Disabled runtime features: undefined"}}
[debug] [2021-12-11T01:30:08.439Z] [runtime-status] [22536] Resolved module firebase-admin {"declared":true,"installed":true,"version":"9.7.0","resolution":"D:\\Aditya_Docs\\Web-Dev\\20-amazon-clone\\functions\\node_modules\\firebase-admin\\lib\\index.js"} {"metadata":{"emulator":{"name":"functions"},"message":"[runtime-status] [22536] Resolved module firebase-admin {\"declared\":true,\"installed\":true,\"version\":\"9.7.0\",\"resolution\":\"D:\\\\Aditya_Docs\\\\Web-Dev\\\\20-amazon-clone\\\\functions\\\\node_modules\\\\firebase-admin\\\\lib\\\\index.js\"}"}}
[debug] [2021-12-11T01:30:08.472Z] [runtime-status] [22536] Resolved module firebase-functions {"declared":true,"installed":true,"version":"3.13.2","resolution":"D:\\Aditya_Docs\\Web-Dev\\20-amazon-clone\\functions\\node_modules\\firebase-functions\\lib\\index.js"} {"metadata":{"emulator":{"name":"functions"},"message":"[runtime-status] [22536] Resolved module firebase-functions {\"declared\":true,\"installed\":true,\"version\":\"3.13.2\",\"resolution\":\"D:\\\\Aditya_Docs\\\\Web-Dev\\\\20-amazon-clone\\\\functions\\\\node_modules\\\\firebase-functions\\\\lib\\\\index.js\"}"}}
[debug] [2021-12-11T01:30:08.473Z] [runtime-status] [22536] Resolved module firebase-functions {"declared":true,"installed":true,"version":"3.13.2","resolution":"D:\\Aditya_Docs\\Web-Dev\\20-amazon-clone\\functions\\node_modules\\firebase-functions\\lib\\index.js"} {"metadata":{"emulator":{"name":"functions"},"message":"[runtime-status] [22536] Resolved module firebase-functions {\"declared\":true,\"installed\":true,\"version\":\"3.13.2\",\"resolution\":\"D:\\\\Aditya_Docs\\\\Web-Dev\\\\20-amazon-clone\\\\functions\\\\node_modules\\\\firebase-functions\\\\lib\\\\index.js\"}"}}
[debug] [2021-12-11T01:30:08.475Z] [runtime-status] [22536] Outgoing network have been stubbed. [{"name":"http","status":"mocked"},{"name":"http","status":"mocked"},{"name":"https","status":"mocked"},{"name":"https","status":"mocked"},{"name":"net","status":"mocked"}] {"metadata":{"emulator":{"name":"functions"},"message":"[runtime-status] [22536] Outgoing network have been stubbed. [{\"name\":\"http\",\"status\":\"mocked\"},{\"name\":\"http\",\"status\":\"mocked\"},{\"name\":\"https\",\"status\":\"mocked\"},{\"name\":\"https\",\"status\":\"mocked\"},{\"name\":\"net\",\"status\":\"mocked\"}]"}}
[debug] [2021-12-11T01:30:08.475Z] [runtime-status] [22536] Resolved module firebase-functions {"declared":true,"installed":true,"version":"3.13.2","resolution":"D:\\Aditya_Docs\\Web-Dev\\20-amazon-clone\\functions\\node_modules\\firebase-functions\\lib\\index.js"} {"metadata":{"emulator":{"name":"functions"},"message":"[runtime-status] [22536] Resolved module firebase-functions {\"declared\":true,\"installed\":true,\"version\":\"3.13.2\",\"resolution\":\"D:\\\\Aditya_Docs\\\\Web-Dev\\\\20-amazon-clone\\\\functions\\\\node_modules\\\\firebase-functions\\\\lib\\\\index.js\"}"}}
[debug] [2021-12-11T01:30:09.228Z] [runtime-status] [22536] Checked functions.config() {"config":{}} {"metadata":{"emulator":{"name":"functions"},"message":"[runtime-status] [22536] Checked functions.config() {\"config\":{}}"}}
[debug] [2021-12-11T01:30:09.228Z] [runtime-status] [22536] firebase-functions has been stubbed. {"functionsResolution":{"declared":true,"installed":true,"version":"3.13.2","resolution":"D:\\Aditya_Docs\\Web-Dev\\20-amazon-clone\\functions\\node_modules\\firebase-functions\\lib\\index.js"}} {"metadata":{"emulator":{"name":"functions"},"message":"[runtime-status] [22536] firebase-functions has been stubbed. {\"functionsResolution\":{\"declared\":true,\"installed\":true,\"version\":\"3.13.2\",\"resolution\":\"D:\\\\Aditya_Docs\\\\Web-Dev\\\\20-amazon-clone\\\\functions\\\\node_modules\\\\firebase-functions\\\\lib\\\\index.js\"}}"}}
[debug] [2021-12-11T01:30:09.229Z] [runtime-status] [22536] Resolved module firebase-functions {"declared":true,"installed":true,"version":"3.13.2","resolution":"D:\\Aditya_Docs\\Web-Dev\\20-amazon-clone\\functions\\node_modules\\firebase-functions\\lib\\index.js"} {"metadata":{"emulator":{"name":"functions"},"message":"[runtime-status] [22536] Resolved module firebase-functions {\"declared\":true,\"installed\":true,\"version\":\"3.13.2\",\"resolution\":\"D:\\\\Aditya_Docs\\\\Web-Dev\\\\20-amazon-clone\\\\functions\\\\node_modules\\\\firebase-functions\\\\lib\\\\index.js\"}"}}
[debug] [2021-12-11T01:30:09.229Z] [runtime-status] [22536] Resolved module firebase-admin {"declared":true,"installed":true,"version":"9.7.0","resolution":"D:\\Aditya_Docs\\Web-Dev\\20-amazon-clone\\functions\\node_modules\\firebase-admin\\lib\\index.js"} {"metadata":{"emulator":{"name":"functions"},"message":"[runtime-status] [22536] Resolved module firebase-admin {\"declared\":true,\"installed\":true,\"version\":\"9.7.0\",\"resolution\":\"D:\\\\Aditya_Docs\\\\Web-Dev\\\\20-amazon-clone\\\\functions\\\\node_modules\\\\firebase-admin\\\\lib\\\\index.js\"}"}}
[debug] [2021-12-11T01:30:09.230Z] [runtime-status] [22536] Resolved module firebase-functions {"declared":true,"installed":true,"version":"3.13.2","resolution":"D:\\Aditya_Docs\\Web-Dev\\20-amazon-clone\\functions\\node_modules\\firebase-functions\\lib\\index.js"} {"metadata":{"emulator":{"name":"functions"},"message":"[runtime-status] [22536] Resolved module firebase-functions {\"declared\":true,\"installed\":true,\"version\":\"3.13.2\",\"resolution\":\"D:\\\\Aditya_Docs\\\\Web-Dev\\\\20-amazon-clone\\\\functions\\\\node_modules\\\\firebase-functions\\\\lib\\\\index.js\"}"}}
[debug] [2021-12-11T01:30:09.230Z] [runtime-status] [22536] firebase-admin has been stubbed. {"adminResolution":{"declared":true,"installed":true,"version":"9.7.0","resolution":"D:\\Aditya_Docs\\Web-Dev\\20-amazon-clone\\functions\\node_modules\\firebase-admin\\lib\\index.js"}} {"metadata":{"emulator":{"name":"functions"},"message":"[runtime-status] [22536] firebase-admin has been stubbed. {\"adminResolution\":{\"declared\":true,\"installed\":true,\"version\":\"9.7.0\",\"resolution\":\"D:\\\\Aditya_Docs\\\\Web-Dev\\\\20-amazon-clone\\\\functions\\\\node_modules\\\\firebase-admin\\\\lib\\\\index.js\"}}"}}
[info] +  functions[api]: http function initialized (http://localhost:5001/project-74cb8/us-central1/api). {"metadata":{"emulator":{"name":"functions"},"message":"\u001b[1mhttp\u001b[22m function initialized (http://localhost:5001/project-74cb8/us-central1/api)."}}
[info] 
┌─────────────────────────────────────────────────────────────┐
│ ✔  All emulators ready! It is now safe to connect your app. │
│ i  View Emulator UI at http://localhost:4000                │
└─────────────────────────────────────────────────────────────┘

┌───────────┬────────────────┬─────────────────────────────────┐
│ Emulator  │ Host:Port      │ View in Emulator UI             │
├───────────┼────────────────┼─────────────────────────────────┤
│ Functions │ localhost:5001 │ http://localhost:4000/functions │
├───────────┼────────────────┼─────────────────────────────────┤
│ Hosting   │ localhost:5000 │ n/a                             │
└───────────┴────────────────┴─────────────────────────────────┘
  Emulator Hub running at localhost:4400
  Other reserved ports: 4500

Issues? Report them at https://github.com/firebase/firebase-tools/issues and attach the *-debug.log files.
 
[debug] [2021-12-11T01:30:11.902Z] [worker-~diagnostic~-defe8c72-5ce0-4beb-acea-fe307e220a52]: IDLE {"metadata":{"emulator":{"name":"functions"},"message":"[worker-~diagnostic~-defe8c72-5ce0-4beb-acea-fe307e220a52]: IDLE"}}
[debug] [2021-12-11T01:43:34.554Z] [work-queue] {"queueLength":1,"workRunningCount":0}
[debug] [2021-12-11T01:43:34.554Z] [work-queue] {"queueLength":0,"workRunningCount":1}
[debug] [2021-12-11T01:43:34.554Z] Accepted request POST /project-74cb8/us-central1/api/payments/create?total=19999 --> api
[debug] [2021-12-11T01:43:34.658Z] [worker-pool] addWorker(api) {"metadata":{"emulator":{"name":"functions"},"message":"[worker-pool] addWorker(api)"}}
[debug] [2021-12-11T01:43:34.658Z] [worker-pool] Adding worker with key api, total=1 {"metadata":{"emulator":{"name":"functions"},"message":"[worker-pool] Adding worker with key api, total=1"}}
[debug] [2021-12-11T01:43:34.658Z] [worker-pool] submitWork(triggerId=api) {"metadata":{"emulator":{"name":"functions"},"message":"[worker-pool] submitWork(triggerId=api)"}}
[debug] [2021-12-11T01:43:34.658Z] [worker-api-8e2e47d5-fd2f-4f40-981c-fff658f5683d]: Assigning socketPath: \\?\pipe\D:\Aditya_Docs\Web-Dev\20-amazon-clone\functions\20612 {"metadata":{"emulator":{"name":"functions"},"message":"[worker-api-8e2e47d5-fd2f-4f40-981c-fff658f5683d]: Assigning socketPath: \\\\?\\pipe\\D:\\Aditya_Docs\\Web-Dev\\20-amazon-clone\\functions\\20612"}}
[debug] [2021-12-11T01:43:34.658Z] [worker-api-8e2e47d5-fd2f-4f40-981c-fff658f5683d]: BUSY {"metadata":{"emulator":{"name":"functions"},"message":"[worker-api-8e2e47d5-fd2f-4f40-981c-fff658f5683d]: BUSY"}}
[debug] [2021-12-11T01:43:35.049Z] [runtime-status] [20612] Functions runtime initialized. {"cwd":"D:\\Aditya_Docs\\Web-Dev\\20-amazon-clone\\functions","node_version":"12.16.1"} {"metadata":{"emulator":{"name":"functions"},"function":{"name":"api"},"message":"[runtime-status] [20612] Functions runtime initialized. {\"cwd\":\"D:\\\\Aditya_Docs\\\\Web-Dev\\\\20-amazon-clone\\\\functions\",\"node_version\":\"12.16.1\"}"}}
[debug] [2021-12-11T01:43:35.050Z] [runtime-status] [20612] Disabled runtime features: undefined {"metadata":{"emulator":{"name":"functions"},"function":{"name":"api"},"message":"[runtime-status] [20612] Disabled runtime features: undefined"}}
[debug] [2021-12-11T01:43:35.498Z] [runtime-status] [20612] Resolved module firebase-admin {"declared":true,"installed":true,"version":"9.7.0","resolution":"D:\\Aditya_Docs\\Web-Dev\\20-amazon-clone\\functions\\node_modules\\firebase-admin\\lib\\index.js"} {"metadata":{"emulator":{"name":"functions"},"function":{"name":"api"},"message":"[runtime-status] [20612] Resolved module firebase-admin {\"declared\":true,\"installed\":true,\"version\":\"9.7.0\",\"resolution\":\"D:\\\\Aditya_Docs\\\\Web-Dev\\\\20-amazon-clone\\\\functions\\\\node_modules\\\\firebase-admin\\\\lib\\\\index.js\"}"}}
[debug] [2021-12-11T01:43:35.519Z] [runtime-status] [20612] Resolved module firebase-functions {"declared":true,"installed":true,"version":"3.13.2","resolution":"D:\\Aditya_Docs\\Web-Dev\\20-amazon-clone\\functions\\node_modules\\firebase-functions\\lib\\index.js"} {"metadata":{"emulator":{"name":"functions"},"function":{"name":"api"},"message":"[runtime-status] [20612] Resolved module firebase-functions {\"declared\":true,\"installed\":true,\"version\":\"3.13.2\",\"resolution\":\"D:\\\\Aditya_Docs\\\\Web-Dev\\\\20-amazon-clone\\\\functions\\\\node_modules\\\\firebase-functions\\\\lib\\\\index.js\"}"}}
[debug] [2021-12-11T01:43:35.520Z] [runtime-status] [20612] Resolved module firebase-functions {"declared":true,"installed":true,"version":"3.13.2","resolution":"D:\\Aditya_Docs\\Web-Dev\\20-amazon-clone\\functions\\node_modules\\firebase-functions\\lib\\index.js"} {"metadata":{"emulator":{"name":"functions"},"function":{"name":"api"},"message":"[runtime-status] [20612] Resolved module firebase-functions {\"declared\":true,\"installed\":true,\"version\":\"3.13.2\",\"resolution\":\"D:\\\\Aditya_Docs\\\\Web-Dev\\\\20-amazon-clone\\\\functions\\\\node_modules\\\\firebase-functions\\\\lib\\\\index.js\"}"}}
[debug] [2021-12-11T01:43:35.522Z] [runtime-status] [20612] Outgoing network have been stubbed. [{"name":"http","status":"mocked"},{"name":"http","status":"mocked"},{"name":"https","status":"mocked"},{"name":"https","status":"mocked"},{"name":"net","status":"mocked"}] {"metadata":{"emulator":{"name":"functions"},"function":{"name":"api"},"message":"[runtime-status] [20612] Outgoing network have been stubbed. [{\"name\":\"http\",\"status\":\"mocked\"},{\"name\":\"http\",\"status\":\"mocked\"},{\"name\":\"https\",\"status\":\"mocked\"},{\"name\":\"https\",\"status\":\"mocked\"},{\"name\":\"net\",\"status\":\"mocked\"}]"}}
[debug] [2021-12-11T01:43:35.522Z] [runtime-status] [20612] Resolved module firebase-functions {"declared":true,"installed":true,"version":"3.13.2","resolution":"D:\\Aditya_Docs\\Web-Dev\\20-amazon-clone\\functions\\node_modules\\firebase-functions\\lib\\index.js"} {"metadata":{"emulator":{"name":"functions"},"function":{"name":"api"},"message":"[runtime-status] [20612] Resolved module firebase-functions {\"declared\":true,\"installed\":true,\"version\":\"3.13.2\",\"resolution\":\"D:\\\\Aditya_Docs\\\\Web-Dev\\\\20-amazon-clone\\\\functions\\\\node_modules\\\\firebase-functions\\\\lib\\\\index.js\"}"}}
[debug] [2021-12-11T01:43:35.850Z] [runtime-status] [20612] Checked functions.config() {"config":{}} {"metadata":{"emulator":{"name":"functions"},"function":{"name":"api"},"message":"[runtime-status] [20612] Checked functions.config() {\"config\":{}}"}}
[debug] [2021-12-11T01:43:35.850Z] [runtime-status] [20612] firebase-functions has been stubbed. {"functionsResolution":{"declared":true,"installed":true,"version":"3.13.2","resolution":"D:\\Aditya_Docs\\Web-Dev\\20-amazon-clone\\functions\\node_modules\\firebase-functions\\lib\\index.js"}} {"metadata":{"emulator":{"name":"functions"},"function":{"name":"api"},"message":"[runtime-status] [20612] firebase-functions has been stubbed. {\"functionsResolution\":{\"declared\":true,\"installed\":true,\"version\":\"3.13.2\",\"resolution\":\"D:\\\\Aditya_Docs\\\\Web-Dev\\\\20-amazon-clone\\\\functions\\\\node_modules\\\\firebase-functions\\\\lib\\\\index.js\"}}"}}
[debug] [2021-12-11T01:43:35.850Z] [runtime-status] [20612] Resolved module firebase-functions {"declared":true,"installed":true,"version":"3.13.2","resolution":"D:\\Aditya_Docs\\Web-Dev\\20-amazon-clone\\functions\\node_modules\\firebase-functions\\lib\\index.js"} {"metadata":{"emulator":{"name":"functions"},"function":{"name":"api"},"message":"[runtime-status] [20612] Resolved module firebase-functions {\"declared\":true,\"installed\":true,\"version\":\"3.13.2\",\"resolution\":\"D:\\\\Aditya_Docs\\\\Web-Dev\\\\20-amazon-clone\\\\functions\\\\node_modules\\\\firebase-functions\\\\lib\\\\index.js\"}"}}
[debug] [2021-12-11T01:43:35.851Z] [runtime-status] [20612] Resolved module firebase-admin {"declared":true,"installed":true,"version":"9.7.0","resolution":"D:\\Aditya_Docs\\Web-Dev\\20-amazon-clone\\functions\\node_modules\\firebase-admin\\lib\\index.js"} {"metadata":{"emulator":{"name":"functions"},"function":{"name":"api"},"message":"[runtime-status] [20612] Resolved module firebase-admin {\"declared\":true,\"installed\":true,\"version\":\"9.7.0\",\"resolution\":\"D:\\\\Aditya_Docs\\\\Web-Dev\\\\20-amazon-clone\\\\functions\\\\node_modules\\\\firebase-admin\\\\lib\\\\index.js\"}"}}
[debug] [2021-12-11T01:43:35.851Z] [runtime-status] [20612] Resolved module firebase-functions {"declared":true,"installed":true,"version":"3.13.2","resolution":"D:\\Aditya_Docs\\Web-Dev\\20-amazon-clone\\functions\\node_modules\\firebase-functions\\lib\\index.js"} {"metadata":{"emulator":{"name":"functions"},"function":{"name":"api"},"message":"[runtime-status] [20612] Resolved module firebase-functions {\"declared\":true,\"installed\":true,\"version\":\"3.13.2\",\"resolution\":\"D:\\\\Aditya_Docs\\\\Web-Dev\\\\20-amazon-clone\\\\functions\\\\node_modules\\\\firebase-functions\\\\lib\\\\index.js\"}"}}
[debug] [2021-12-11T01:43:35.851Z] [runtime-status] [20612] firebase-admin has been stubbed. {"adminResolution":{"declared":true,"installed":true,"version":"9.7.0","resolution":"D:\\Aditya_Docs\\Web-Dev\\20-amazon-clone\\functions\\node_modules\\firebase-admin\\lib\\index.js"}} {"metadata":{"emulator":{"name":"functions"},"function":{"name":"api"},"message":"[runtime-status] [20612] firebase-admin has been stubbed. {\"adminResolution\":{\"declared\":true,\"installed\":true,\"version\":\"9.7.0\",\"resolution\":\"D:\\\\Aditya_Docs\\\\Web-Dev\\\\20-amazon-clone\\\\functions\\\\node_modules\\\\firebase-admin\\\\lib\\\\index.js\"}}"}}
[debug] [2021-12-11T01:43:36.563Z] [runtime-status] [20612] Trigger "api" has been found, beginning invocation! {"metadata":{"emulator":{"name":"functions"},"function":{"name":"api"},"message":"[runtime-status] [20612] Trigger \"api\" has been found, beginning invocation!"}}
[info] i  functions: Beginning execution of "api" {"metadata":{"emulator":{"name":"functions"},"function":{"name":"api"},"message":"Beginning execution of \"api\""}}
[debug] [2021-12-11T01:43:36.564Z] [runtime-status] [20612] triggerDefinition {"httpsTrigger":{},"name":"api","entryPoint":"api"} {"metadata":{"emulator":{"name":"functions"},"function":{"name":"api"},"message":"[runtime-status] [20612] triggerDefinition {\"httpsTrigger\":{},\"name\":\"api\",\"entryPoint\":\"api\"}"}}
[debug] [2021-12-11T01:43:36.564Z] [runtime-status] [20612] Running api in mode HTTPS {"metadata":{"emulator":{"name":"functions"},"function":{"name":"api"},"message":"[runtime-status] [20612] Running api in mode HTTPS"}}
[debug] [2021-12-11T01:43:36.566Z] [runtime-status] [20612] Attempting to listen to socketPath: \\?\pipe\D:\Aditya_Docs\Web-Dev\20-amazon-clone\functions\20612 {"metadata":{"emulator":{"name":"functions"},"function":{"name":"api"},"message":"[runtime-status] [20612] Attempting to listen to socketPath: \\\\?\\pipe\\D:\\Aditya_Docs\\Web-Dev\\20-amazon-clone\\functions\\20612"}}
[debug] [2021-12-11T01:43:36.568Z] [functions] Runtime ready! Sending request! {"metadata":{"emulator":{"name":"functions"},"message":"[functions] Runtime ready! Sending request!"}}
[debug] [2021-12-11T01:43:36.571Z] [functions] Got req.url=/project-74cb8/us-central1/api/payments/create?total=19999, mapping to path=/payments/create?total=19999 {"metadata":{"emulator":{"name":"functions"},"message":"[functions] Got req.url=/project-74cb8/us-central1/api/payments/create?total=19999, mapping to path=/payments/create?total=19999"}}
[debug] [2021-12-11T01:43:36.576Z] [runtime-status] [20612] Ephemeral server handling POST request {"metadata":{"emulator":{"name":"functions"},"function":{"name":"api"},"message":"[runtime-status] [20612] Ephemeral server handling POST request"}}
[info] >  Payment Request Recieved !! for this amount >>>  19999 {"user":"Payment Request Recieved !! for this amount >>>  19999","metadata":{"emulator":{"name":"functions"},"function":{"name":"api"},"message":"\u001b[90m> \u001b[39m Payment Request Recieved !! for this amount >>>  19999"}}
[debug] [2021-12-11T01:43:36.587Z] [runtime-status] [20612] Ephemeral server survived. {"metadata":{"emulator":{"name":"functions"},"function":{"name":"api"},"message":"[runtime-status] [20612] Ephemeral server survived."}}
[info] i  functions: Finished "api" in ~1s {"metadata":{"emulator":{"name":"functions"},"function":{"name":"api"},"message":"Finished \"api\" in ~1s"}}
[debug] [2021-12-11T01:43:37.493Z] [worker-api-8e2e47d5-fd2f-4f40-981c-fff658f5683d]: IDLE {"metadata":{"emulator":{"name":"functions"},"message":"[worker-api-8e2e47d5-fd2f-4f40-981c-fff658f5683d]: IDLE"}}
[debug] [2021-12-11T01:43:37.494Z] [work-queue] {"queueLength":0,"workRunningCount":0}
[debug] [2021-12-11T01:44:35.726Z] [work-queue] {"queueLength":1,"workRunningCount":0}
[debug] [2021-12-11T01:44:35.726Z] [work-queue] {"queueLength":0,"workRunningCount":1}
[debug] [2021-12-11T01:44:35.726Z] Accepted request POST /project-74cb8/us-central1/api/payments/create?total=39998 --> api
[debug] [2021-12-11T01:44:35.726Z] [worker-pool] submitWork(triggerId=api) {"metadata":{"emulator":{"name":"functions"},"message":"[worker-pool] submitWork(triggerId=api)"}}
[debug] [2021-12-11T01:44:35.726Z] [worker-api-8e2e47d5-fd2f-4f40-981c-fff658f5683d]: Assigning socketPath: \\?\pipe\D:\Aditya_Docs\Web-Dev\20-amazon-clone\functions\20612 {"metadata":{"emulator":{"name":"functions"},"message":"[worker-api-8e2e47d5-fd2f-4f40-981c-fff658f5683d]: Assigning socketPath: \\\\?\\pipe\\D:\\Aditya_Docs\\Web-Dev\\20-amazon-clone\\functions\\20612"}}
[debug] [2021-12-11T01:44:35.726Z] [worker-api-8e2e47d5-fd2f-4f40-981c-fff658f5683d]: BUSY {"metadata":{"emulator":{"name":"functions"},"message":"[worker-api-8e2e47d5-fd2f-4f40-981c-fff658f5683d]: BUSY"}}
[debug] [2021-12-11T01:44:35.727Z] [runtime-status] [20612] Trigger "api" has been found, beginning invocation! {"metadata":{"emulator":{"name":"functions"},"function":{"name":"api"},"message":"[runtime-status] [20612] Trigger \"api\" has been found, beginning invocation!"}}
[info] i  functions: Beginning execution of "api" {"metadata":{"emulator":{"name":"functions"},"function":{"name":"api"},"message":"Beginning execution of \"api\""}}
[debug] [2021-12-11T01:44:35.728Z] [runtime-status] [20612] triggerDefinition {"httpsTrigger":{},"name":"api","entryPoint":"api"} {"metadata":{"emulator":{"name":"functions"},"function":{"name":"api"},"message":"[runtime-status] [20612] triggerDefinition {\"httpsTrigger\":{},\"name\":\"api\",\"entryPoint\":\"api\"}"}}
[debug] [2021-12-11T01:44:35.728Z] [runtime-status] [20612] Running api in mode HTTPS {"metadata":{"emulator":{"name":"functions"},"function":{"name":"api"},"message":"[runtime-status] [20612] Running api in mode HTTPS"}}
[debug] [2021-12-11T01:44:35.728Z] [runtime-status] [20612] Attempting to listen to socketPath: \\?\pipe\D:\Aditya_Docs\Web-Dev\20-amazon-clone\functions\20612 {"metadata":{"emulator":{"name":"functions"},"function":{"name":"api"},"message":"[runtime-status] [20612] Attempting to listen to socketPath: \\\\?\\pipe\\D:\\Aditya_Docs\\Web-Dev\\20-amazon-clone\\functions\\20612"}}
[debug] [2021-12-11T01:44:35.729Z] [functions] Runtime ready! Sending request! {"metadata":{"emulator":{"name":"functions"},"message":"[functions] Runtime ready! Sending request!"}}
[debug] [2021-12-11T01:44:35.729Z] [functions] Got req.url=/project-74cb8/us-central1/api/payments/create?total=39998, mapping to path=/payments/create?total=39998 {"metadata":{"emulator":{"name":"functions"},"message":"[functions] Got req.url=/project-74cb8/us-central1/api/payments/create?total=39998, mapping to path=/payments/create?total=39998"}}
[debug] [2021-12-11T01:44:35.732Z] [runtime-status] [20612] Ephemeral server handling POST request {"metadata":{"emulator":{"name":"functions"},"function":{"name":"api"},"message":"[runtime-status] [20612] Ephemeral server handling POST request"}}
[info] >  Payment Request Recieved !! for this amount >>>  39998 {"user":"Payment Request Recieved !! for this amount >>>  39998","metadata":{"emulator":{"name":"functions"},"function":{"name":"api"},"message":"\u001b[90m> \u001b[39m Payment Request Recieved !! for this amount >>>  39998"}}
[debug] [2021-12-11T01:44:35.733Z] [runtime-status] [20612] Ephemeral server survived. {"metadata":{"emulator":{"name":"functions"},"function":{"name":"api"},"message":"[runtime-status] [20612] Ephemeral server survived."}}
[info] i  functions: Finished "api" in ~1s {"metadata":{"emulator":{"name":"functions"},"function":{"name":"api"},"message":"Finished \"api\" in ~1s"}}
[debug] [2021-12-11T01:44:36.215Z] [worker-api-8e2e47d5-fd2f-4f40-981c-fff658f5683d]: IDLE {"metadata":{"emulator":{"name":"functions"},"message":"[worker-api-8e2e47d5-fd2f-4f40-981c-fff658f5683d]: IDLE"}}
[debug] [2021-12-11T01:44:36.215Z] [work-queue] {"queueLength":0,"workRunningCount":0}
[debug] [2021-12-11T01:44:47.693Z] [work-queue] {"queueLength":1,"workRunningCount":0}
[debug] [2021-12-11T01:44:47.694Z] [work-queue] {"queueLength":0,"workRunningCount":1}
[debug] [2021-12-11T01:44:47.694Z] Accepted request POST /project-74cb8/us-central1/api/payments/create?total=19999 --> api
[debug] [2021-12-11T01:44:47.694Z] [worker-pool] submitWork(triggerId=api) {"metadata":{"emulator":{"name":"functions"},"message":"[worker-pool] submitWork(triggerId=api)"}}
[debug] [2021-12-11T01:44:47.694Z] [worker-api-8e2e47d5-fd2f-4f40-981c-fff658f5683d]: Assigning socketPath: \\?\pipe\D:\Aditya_Docs\Web-Dev\20-amazon-clone\functions\20612 {"metadata":{"emulator":{"name":"functions"},"message":"[worker-api-8e2e47d5-fd2f-4f40-981c-fff658f5683d]: Assigning socketPath: \\\\?\\pipe\\D:\\Aditya_Docs\\Web-Dev\\20-amazon-clone\\functions\\20612"}}
[debug] [2021-12-11T01:44:47.694Z] [worker-api-8e2e47d5-fd2f-4f40-981c-fff658f5683d]: BUSY {"metadata":{"emulator":{"name":"functions"},"message":"[worker-api-8e2e47d5-fd2f-4f40-981c-fff658f5683d]: BUSY"}}
[debug] [2021-12-11T01:44:47.695Z] [runtime-status] [20612] Trigger "api" has been found, beginning invocation! {"metadata":{"emulator":{"name":"functions"},"function":{"name":"api"},"message":"[runtime-status] [20612] Trigger \"api\" has been found, beginning invocation!"}}
[info] i  functions: Beginning execution of "api" {"metadata":{"emulator":{"name":"functions"},"function":{"name":"api"},"message":"Beginning execution of \"api\""}}
[debug] [2021-12-11T01:44:47.697Z] [runtime-status] [20612] triggerDefinition {"httpsTrigger":{},"name":"api","entryPoint":"api"} {"metadata":{"emulator":{"name":"functions"},"function":{"name":"api"},"message":"[runtime-status] [20612] triggerDefinition {\"httpsTrigger\":{},\"name\":\"api\",\"entryPoint\":\"api\"}"}}
[debug] [2021-12-11T01:44:47.697Z] [runtime-status] [20612] Running api in mode HTTPS {"metadata":{"emulator":{"name":"functions"},"function":{"name":"api"},"message":"[runtime-status] [20612] Running api in mode HTTPS"}}
[debug] [2021-12-11T01:44:47.697Z] [runtime-status] [20612] Attempting to listen to socketPath: \\?\pipe\D:\Aditya_Docs\Web-Dev\20-amazon-clone\functions\20612 {"metadata":{"emulator":{"name":"functions"},"function":{"name":"api"},"message":"[runtime-status] [20612] Attempting to listen to socketPath: \\\\?\\pipe\\D:\\Aditya_Docs\\Web-Dev\\20-amazon-clone\\functions\\20612"}}
[debug] [2021-12-11T01:44:47.698Z] [functions] Runtime ready! Sending request! {"metadata":{"emulator":{"name":"functions"},"message":"[functions] Runtime ready! Sending request!"}}
[debug] [2021-12-11T01:44:47.698Z] [functions] Got req.url=/project-74cb8/us-central1/api/payments/create?total=19999, mapping to path=/payments/create?total=19999 {"metadata":{"emulator":{"name":"functions"},"message":"[functions] Got req.url=/project-74cb8/us-central1/api/payments/create?total=19999, mapping to path=/payments/create?total=19999"}}
[debug] [2021-12-11T01:44:47.700Z] [runtime-status] [20612] Ephemeral server handling POST request {"metadata":{"emulator":{"name":"functions"},"function":{"name":"api"},"message":"[runtime-status] [20612] Ephemeral server handling POST request"}}
[info] >  Payment Request Recieved !! for this amount >>>  19999 {"user":"Payment Request Recieved !! for this amount >>>  19999","metadata":{"emulator":{"name":"functions"},"function":{"name":"api"},"message":"\u001b[90m> \u001b[39m Payment Request Recieved !! for this amount >>>  19999"}}
[debug] [2021-12-11T01:44:47.702Z] [runtime-status] [20612] Ephemeral server survived. {"metadata":{"emulator":{"name":"functions"},"function":{"name":"api"},"message":"[runtime-status] [20612] Ephemeral server survived."}}
[info] i  functions: Finished "api" in ~1s {"metadata":{"emulator":{"name":"functions"},"function":{"name":"api"},"message":"Finished \"api\" in ~1s"}}
[debug] [2021-12-11T01:44:48.145Z] [worker-api-8e2e47d5-fd2f-4f40-981c-fff658f5683d]: IDLE {"metadata":{"emulator":{"name":"functions"},"message":"[worker-api-8e2e47d5-fd2f-4f40-981c-fff658f5683d]: IDLE"}}
[debug] [2021-12-11T01:44:48.145Z] [work-queue] {"queueLength":0,"workRunningCount":0}
[debug] [2021-12-11T02:06:21.753Z] [worker-api-8e2e47d5-fd2f-4f40-981c-fff658f5683d]: exited {"metadata":{"emulator":{"name":"functions"},"message":"[worker-api-8e2e47d5-fd2f-4f40-981c-fff658f5683d]: exited"}}
[debug] [2021-12-11T02:06:21.753Z] [worker-api-8e2e47d5-fd2f-4f40-981c-fff658f5683d]: FINISHED {"metadata":{"emulator":{"name":"functions"},"message":"[worker-api-8e2e47d5-fd2f-4f40-981c-fff658f5683d]: FINISHED"}}
[debug] [2021-12-11T02:06:21.959Z] [worker-~diagnostic~-defe8c72-5ce0-4beb-acea-fe307e220a52]: exited {"metadata":{"emulator":{"name":"functions"},"message":"[worker-~diagnostic~-defe8c72-5ce0-4beb-acea-fe307e220a52]: exited"}}
[debug] [2021-12-11T02:06:21.959Z] [worker-~diagnostic~-defe8c72-5ce0-4beb-acea-fe307e220a52]: FINISHED {"metadata":{"emulator":{"name":"functions"},"message":"[worker-~diagnostic~-defe8c72-5ce0-4beb-acea-fe307e220a52]: FINISHED"}}
[debug] [2021-12-11T02:06:21.960Z] Received signal SIGHUP 1
